07-May-2023 17:30:16.672 INFO [main] org.apache.catalina.core.ApplicationContext.log ContextListener: contextInitialized()
07-May-2023 17:30:16.672 INFO [main] org.apache.catalina.core.ApplicationContext.log SessionListener: contextInitialized()
07-May-2023 17:30:16.674 INFO [main] org.apache.catalina.core.ApplicationContext.log ContextListener: attributeAdded('StockTicker', 'async.Stockticker@28276e50')
07-May-2023 17:39:25.639 INFO [main] org.apache.catalina.core.ApplicationContext.log SessionListener: contextDestroyed()
07-May-2023 17:39:25.639 INFO [main] org.apache.catalina.core.ApplicationContext.log ContextListener: contextDestroyed()
07-May-2023 17:40:09.806 INFO [main] org.apache.catalina.core.ApplicationContext.log ContextListener: contextInitialized()
07-May-2023 17:40:09.806 INFO [main] org.apache.catalina.core.ApplicationContext.log SessionListener: contextInitialized()
07-May-2023 17:40:09.808 INFO [main] org.apache.catalina.core.ApplicationContext.log ContextListener: attributeAdded('StockTicker', 'async.Stockticker@3efe7086')
07-May-2023 17:41:06.341 INFO [main] org.apache.catalina.core.ApplicationContext.log SessionListener: contextDestroyed()
07-May-2023 17:41:06.341 INFO [main] org.apache.catalina.core.ApplicationContext.log ContextListener: contextDestroyed()
07-May-2023 17:44:36.754 INFO [main] org.apache.catalina.core.ApplicationContext.log ContextListener: contextInitialized()
07-May-2023 17:44:36.754 INFO [main] org.apache.catalina.core.ApplicationContext.log SessionListener: contextInitialized()
07-May-2023 17:44:36.756 INFO [main] org.apache.catalina.core.ApplicationContext.log ContextListener: attributeAdded('StockTicker', 'async.Stockticker@68759011')
07-May-2023 17:50:38.765 INFO [main] org.apache.catalina.core.ApplicationContext.log SessionListener: contextDestroyed()
07-May-2023 17:50:38.765 INFO [main] org.apache.catalina.core.ApplicationContext.log ContextListener: contextDestroyed()
07-May-2023 17:50:45.383 INFO [main] org.apache.catalina.core.ApplicationContext.log ContextListener: contextInitialized()
07-May-2023 17:50:45.384 INFO [main] org.apache.catalina.core.ApplicationContext.log SessionListener: contextInitialized()
07-May-2023 17:50:45.386 INFO [main] org.apache.catalina.core.ApplicationContext.log ContextListener: attributeAdded('StockTicker', 'async.Stockticker@757d6814')
07-May-2023 17:52:37.545 INFO [main] org.apache.catalina.core.ApplicationContext.log SessionListener: contextDestroyed()
07-May-2023 17:52:37.545 INFO [main] org.apache.catalina.core.ApplicationContext.log ContextListener: contextDestroyed()
07-May-2023 17:52:43.850 INFO [main] org.apache.catalina.core.ApplicationContext.log ContextListener: contextInitialized()
07-May-2023 17:52:43.850 INFO [main] org.apache.catalina.core.ApplicationContext.log SessionListener: contextInitialized()
07-May-2023 17:52:43.852 INFO [main] org.apache.catalina.core.ApplicationContext.log ContextListener: attributeAdded('StockTicker', 'async.Stockticker@2c1b9e4b')
07-May-2023 17:53:22.567 INFO [main] org.apache.catalina.core.ApplicationContext.log SessionListener: contextDestroyed()
07-May-2023 17:53:22.567 INFO [main] org.apache.catalina.core.ApplicationContext.log ContextListener: contextDestroyed()
07-May-2023 17:53:32.219 INFO [main] org.apache.catalina.core.ApplicationContext.log ContextListener: contextInitialized()
07-May-2023 17:53:32.219 INFO [main] org.apache.catalina.core.ApplicationContext.log SessionListener: contextInitialized()
07-May-2023 17:53:32.221 INFO [main] org.apache.catalina.core.ApplicationContext.log ContextListener: attributeAdded('StockTicker', 'async.Stockticker@7813cb11')
07-May-2023 17:59:45.256 INFO [main] org.apache.catalina.core.ApplicationContext.log SessionListener: contextDestroyed()
07-May-2023 17:59:45.256 INFO [main] org.apache.catalina.core.ApplicationContext.log ContextListener: contextDestroyed()
07-May-2023 18:00:02.206 INFO [main] org.apache.catalina.core.ApplicationContext.log ContextListener: contextInitialized()
07-May-2023 18:00:02.206 INFO [main] org.apache.catalina.core.ApplicationContext.log SessionListener: contextInitialized()
07-May-2023 18:00:02.208 INFO [main] org.apache.catalina.core.ApplicationContext.log ContextListener: attributeAdded('StockTicker', 'async.Stockticker@3c0fae6c')
07-May-2023 18:01:56.435 INFO [main] org.apache.catalina.core.ApplicationContext.log SessionListener: contextDestroyed()
07-May-2023 18:01:56.435 INFO [main] org.apache.catalina.core.ApplicationContext.log ContextListener: contextDestroyed()
07-May-2023 18:02:08.609 INFO [main] org.apache.catalina.core.ApplicationContext.log ContextListener: contextInitialized()
07-May-2023 18:02:08.610 INFO [main] org.apache.catalina.core.ApplicationContext.log SessionListener: contextInitialized()
07-May-2023 18:02:08.612 INFO [main] org.apache.catalina.core.ApplicationContext.log ContextListener: attributeAdded('StockTicker', 'async.Stockticker@545de5a4')
07-May-2023 18:12:10.553 INFO [main] org.apache.catalina.core.ApplicationContext.log SessionListener: contextDestroyed()
07-May-2023 18:12:10.553 INFO [main] org.apache.catalina.core.ApplicationContext.log ContextListener: contextDestroyed()
07-May-2023 18:22:41.392 INFO [main] org.apache.catalina.core.ApplicationContext.log ContextListener: contextInitialized()
07-May-2023 18:22:41.392 INFO [main] org.apache.catalina.core.ApplicationContext.log SessionListener: contextInitialized()
07-May-2023 18:22:41.394 INFO [main] org.apache.catalina.core.ApplicationContext.log ContextListener: attributeAdded('StockTicker', 'async.Stockticker@52b56a3e')
07-May-2023 18:39:05.789 INFO [main] org.apache.catalina.core.ApplicationContext.log SessionListener: contextDestroyed()
07-May-2023 18:39:05.789 INFO [main] org.apache.catalina.core.ApplicationContext.log ContextListener: contextDestroyed()
07-May-2023 18:48:54.486 INFO [main] org.apache.catalina.core.ApplicationContext.log ContextListener: contextInitialized()
07-May-2023 18:48:54.486 INFO [main] org.apache.catalina.core.ApplicationContext.log SessionListener: contextInitialized()
07-May-2023 18:48:54.488 INFO [main] org.apache.catalina.core.ApplicationContext.log ContextListener: attributeAdded('StockTicker', 'async.Stockticker@21005f6c')
07-May-2023 19:28:22.799 INFO [main] org.apache.catalina.core.ApplicationContext.log SessionListener: contextDestroyed()
07-May-2023 19:28:22.799 INFO [main] org.apache.catalina.core.ApplicationContext.log ContextListener: contextDestroyed()
07-May-2023 19:32:07.827 INFO [main] org.apache.catalina.core.ApplicationContext.log ContextListener: contextInitialized()
07-May-2023 19:32:07.827 INFO [main] org.apache.catalina.core.ApplicationContext.log SessionListener: contextInitialized()
07-May-2023 19:32:07.830 INFO [main] org.apache.catalina.core.ApplicationContext.log ContextListener: attributeAdded('StockTicker', 'async.Stockticker@32057e6')
07-May-2023 19:32:30.888 INFO [http-nio-8080-exec-6] org.apache.catalina.core.ApplicationContext.log Marking servlet [MyApplication] as unavailable
07-May-2023 19:32:30.888 SEVERE [http-nio-8080-exec-6] org.apache.catalina.core.StandardWrapperValve.invoke Allocate exception for servlet [MyApplication]
	java.lang.ClassNotFoundException: org.glassfish.jersey.servlet.ServletContainer
		at org.apache.catalina.loader.WebappClassLoaderBase.loadClass(WebappClassLoaderBase.java:1437)
		at org.apache.catalina.loader.WebappClassLoaderBase.loadClass(WebappClassLoaderBase.java:1245)
		at org.apache.catalina.core.DefaultInstanceManager.loadClass(DefaultInstanceManager.java:490)
		at org.apache.catalina.core.DefaultInstanceManager.loadClassMaybePrivileged(DefaultInstanceManager.java:472)
		at org.apache.catalina.core.DefaultInstanceManager.newInstance(DefaultInstanceManager.java:142)
		at org.apache.catalina.core.StandardWrapper.loadServlet(StandardWrapper.java:865)
		at org.apache.catalina.core.StandardWrapper.allocate(StandardWrapper.java:649)
		at org.apache.catalina.core.StandardWrapperValve.invoke(StandardWrapperValve.java:114)
		at org.apache.catalina.core.StandardContextValve.invoke(StandardContextValve.java:90)
		at org.apache.catalina.authenticator.AuthenticatorBase.invoke(AuthenticatorBase.java:482)
		at org.apache.catalina.core.StandardHostValve.invoke(StandardHostValve.java:115)
		at org.apache.catalina.valves.ErrorReportValve.invoke(ErrorReportValve.java:93)
		at org.apache.catalina.valves.AbstractAccessLogValve.invoke(AbstractAccessLogValve.java:676)
		at org.apache.catalina.core.StandardEngineValve.invoke(StandardEngineValve.java:74)
		at org.apache.catalina.connector.CoyoteAdapter.service(CoyoteAdapter.java:341)
		at org.apache.coyote.http11.Http11Processor.service(Http11Processor.java:390)
		at org.apache.coyote.AbstractProcessorLight.process(AbstractProcessorLight.java:63)
		at org.apache.coyote.AbstractProtocol$ConnectionHandler.process(AbstractProtocol.java:894)
		at org.apache.tomcat.util.net.NioEndpoint$SocketProcessor.doRun(NioEndpoint.java:1741)
		at org.apache.tomcat.util.net.SocketProcessorBase.run(SocketProcessorBase.java:52)
		at org.apache.tomcat.util.threads.ThreadPoolExecutor.runWorker(ThreadPoolExecutor.java:1191)
		at org.apache.tomcat.util.threads.ThreadPoolExecutor$Worker.run(ThreadPoolExecutor.java:659)
		at org.apache.tomcat.util.threads.TaskThread$WrappingRunnable.run(TaskThread.java:61)
		at java.base/java.lang.Thread.run(Thread.java:833)
07-May-2023 19:42:37.796 INFO [main] org.apache.catalina.core.ApplicationContext.log SessionListener: contextDestroyed()
07-May-2023 19:42:37.796 INFO [main] org.apache.catalina.core.ApplicationContext.log ContextListener: contextDestroyed()
07-May-2023 20:17:04.056 INFO [main] org.apache.catalina.core.ApplicationContext.log ContextListener: contextInitialized()
07-May-2023 20:17:04.056 INFO [main] org.apache.catalina.core.ApplicationContext.log SessionListener: contextInitialized()
07-May-2023 20:17:04.058 INFO [main] org.apache.catalina.core.ApplicationContext.log ContextListener: attributeAdded('StockTicker', 'async.Stockticker@770d0ea6')
07-May-2023 20:18:52.388 INFO [http-nio-8080-exec-10] org.apache.catalina.core.ApplicationContext.log Marking servlet [MyApplication] as unavailable
07-May-2023 20:18:52.388 SEVERE [http-nio-8080-exec-10] org.apache.catalina.core.StandardWrapperValve.invoke Allocate exception for servlet [MyApplication]
	java.lang.ClassNotFoundException: org.glassfish.jersey.servlet.ServletContainer
		at org.apache.catalina.loader.WebappClassLoaderBase.loadClass(WebappClassLoaderBase.java:1437)
		at org.apache.catalina.loader.WebappClassLoaderBase.loadClass(WebappClassLoaderBase.java:1245)
		at org.apache.catalina.core.DefaultInstanceManager.loadClass(DefaultInstanceManager.java:490)
		at org.apache.catalina.core.DefaultInstanceManager.loadClassMaybePrivileged(DefaultInstanceManager.java:472)
		at org.apache.catalina.core.DefaultInstanceManager.newInstance(DefaultInstanceManager.java:142)
		at org.apache.catalina.core.StandardWrapper.loadServlet(StandardWrapper.java:865)
		at org.apache.catalina.core.StandardWrapper.allocate(StandardWrapper.java:649)
		at org.apache.catalina.core.StandardWrapperValve.invoke(StandardWrapperValve.java:114)
		at org.apache.catalina.core.StandardContextValve.invoke(StandardContextValve.java:90)
		at org.apache.catalina.authenticator.AuthenticatorBase.invoke(AuthenticatorBase.java:482)
		at org.apache.catalina.core.StandardHostValve.invoke(StandardHostValve.java:115)
		at org.apache.catalina.valves.ErrorReportValve.invoke(ErrorReportValve.java:93)
		at org.apache.catalina.valves.AbstractAccessLogValve.invoke(AbstractAccessLogValve.java:676)
		at org.apache.catalina.core.StandardEngineValve.invoke(StandardEngineValve.java:74)
		at org.apache.catalina.connector.CoyoteAdapter.service(CoyoteAdapter.java:341)
		at org.apache.coyote.http11.Http11Processor.service(Http11Processor.java:390)
		at org.apache.coyote.AbstractProcessorLight.process(AbstractProcessorLight.java:63)
		at org.apache.coyote.AbstractProtocol$ConnectionHandler.process(AbstractProtocol.java:894)
		at org.apache.tomcat.util.net.NioEndpoint$SocketProcessor.doRun(NioEndpoint.java:1741)
		at org.apache.tomcat.util.net.SocketProcessorBase.run(SocketProcessorBase.java:52)
		at org.apache.tomcat.util.threads.ThreadPoolExecutor.runWorker(ThreadPoolExecutor.java:1191)
		at org.apache.tomcat.util.threads.ThreadPoolExecutor$Worker.run(ThreadPoolExecutor.java:659)
		at org.apache.tomcat.util.threads.TaskThread$WrappingRunnable.run(TaskThread.java:61)
		at java.base/java.lang.Thread.run(Thread.java:833)
07-May-2023 20:23:24.022 INFO [main] org.apache.catalina.core.ApplicationContext.log SessionListener: contextDestroyed()
07-May-2023 20:23:24.022 INFO [main] org.apache.catalina.core.ApplicationContext.log ContextListener: contextDestroyed()
07-May-2023 20:23:25.775 INFO [main] org.apache.catalina.core.ApplicationContext.log ContextListener: contextInitialized()
07-May-2023 20:23:25.775 INFO [main] org.apache.catalina.core.ApplicationContext.log SessionListener: contextInitialized()
07-May-2023 20:23:25.777 INFO [main] org.apache.catalina.core.ApplicationContext.log ContextListener: attributeAdded('StockTicker', 'async.Stockticker@6cea706c')
07-May-2023 20:23:34.941 INFO [http-nio-8080-exec-6] org.apache.catalina.core.ApplicationContext.log Marking servlet [MyApplication] as unavailable
07-May-2023 20:23:34.942 SEVERE [http-nio-8080-exec-6] org.apache.catalina.core.StandardWrapperValve.invoke Allocate exception for servlet [MyApplication]
	java.lang.ClassNotFoundException: org.glassfish.jersey.servlet.ServletContainer
		at org.apache.catalina.loader.WebappClassLoaderBase.loadClass(WebappClassLoaderBase.java:1437)
		at org.apache.catalina.loader.WebappClassLoaderBase.loadClass(WebappClassLoaderBase.java:1245)
		at org.apache.catalina.core.DefaultInstanceManager.loadClass(DefaultInstanceManager.java:490)
		at org.apache.catalina.core.DefaultInstanceManager.loadClassMaybePrivileged(DefaultInstanceManager.java:472)
		at org.apache.catalina.core.DefaultInstanceManager.newInstance(DefaultInstanceManager.java:142)
		at org.apache.catalina.core.StandardWrapper.loadServlet(StandardWrapper.java:865)
		at org.apache.catalina.core.StandardWrapper.allocate(StandardWrapper.java:649)
		at org.apache.catalina.core.StandardWrapperValve.invoke(StandardWrapperValve.java:114)
		at org.apache.catalina.core.StandardContextValve.invoke(StandardContextValve.java:90)
		at org.apache.catalina.authenticator.AuthenticatorBase.invoke(AuthenticatorBase.java:482)
		at org.apache.catalina.core.StandardHostValve.invoke(StandardHostValve.java:115)
		at org.apache.catalina.valves.ErrorReportValve.invoke(ErrorReportValve.java:93)
		at org.apache.catalina.valves.AbstractAccessLogValve.invoke(AbstractAccessLogValve.java:676)
		at org.apache.catalina.core.StandardEngineValve.invoke(StandardEngineValve.java:74)
		at org.apache.catalina.connector.CoyoteAdapter.service(CoyoteAdapter.java:341)
		at org.apache.coyote.http11.Http11Processor.service(Http11Processor.java:390)
		at org.apache.coyote.AbstractProcessorLight.process(AbstractProcessorLight.java:63)
		at org.apache.coyote.AbstractProtocol$ConnectionHandler.process(AbstractProtocol.java:894)
		at org.apache.tomcat.util.net.NioEndpoint$SocketProcessor.doRun(NioEndpoint.java:1741)
		at org.apache.tomcat.util.net.SocketProcessorBase.run(SocketProcessorBase.java:52)
		at org.apache.tomcat.util.threads.ThreadPoolExecutor.runWorker(ThreadPoolExecutor.java:1191)
		at org.apache.tomcat.util.threads.ThreadPoolExecutor$Worker.run(ThreadPoolExecutor.java:659)
		at org.apache.tomcat.util.threads.TaskThread$WrappingRunnable.run(TaskThread.java:61)
		at java.base/java.lang.Thread.run(Thread.java:833)
07-May-2023 21:11:10.149 INFO [main] org.apache.catalina.core.ApplicationContext.log SessionListener: contextDestroyed()
07-May-2023 21:11:10.149 INFO [main] org.apache.catalina.core.ApplicationContext.log ContextListener: contextDestroyed()
07-May-2023 23:01:45.831 INFO [main] org.apache.catalina.core.ApplicationContext.log ContextListener: contextInitialized()
07-May-2023 23:01:45.831 INFO [main] org.apache.catalina.core.ApplicationContext.log SessionListener: contextInitialized()
07-May-2023 23:01:45.832 INFO [main] org.apache.catalina.core.ApplicationContext.log ContextListener: attributeAdded('StockTicker', 'async.Stockticker@18245eb0')
07-May-2023 23:01:45.994 INFO [main] org.apache.catalina.core.ApplicationContext.log SessionListener: contextDestroyed()
07-May-2023 23:01:45.994 INFO [main] org.apache.catalina.core.ApplicationContext.log ContextListener: contextDestroyed()
07-May-2023 23:07:55.477 INFO [main] org.apache.catalina.core.ApplicationContext.log ContextListener: contextInitialized()
07-May-2023 23:07:55.477 INFO [main] org.apache.catalina.core.ApplicationContext.log SessionListener: contextInitialized()
07-May-2023 23:07:55.479 INFO [main] org.apache.catalina.core.ApplicationContext.log ContextListener: attributeAdded('StockTicker', 'async.Stockticker@3185fa6b')
07-May-2023 23:17:24.008 INFO [main] org.apache.catalina.core.ApplicationContext.log ContextListener: contextInitialized()
07-May-2023 23:17:24.008 INFO [main] org.apache.catalina.core.ApplicationContext.log SessionListener: contextInitialized()
07-May-2023 23:17:24.010 INFO [main] org.apache.catalina.core.ApplicationContext.log ContextListener: attributeAdded('StockTicker', 'async.Stockticker@68d6972f')
07-May-2023 23:17:24.175 INFO [main] org.apache.catalina.core.ApplicationContext.log SessionListener: contextDestroyed()
07-May-2023 23:17:24.175 INFO [main] org.apache.catalina.core.ApplicationContext.log ContextListener: contextDestroyed()
07-May-2023 23:25:00.915 INFO [main] org.apache.catalina.core.ApplicationContext.log ContextListener: contextInitialized()
07-May-2023 23:25:00.915 INFO [main] org.apache.catalina.core.ApplicationContext.log SessionListener: contextInitialized()
07-May-2023 23:25:00.917 INFO [main] org.apache.catalina.core.ApplicationContext.log ContextListener: attributeAdded('StockTicker', 'async.Stockticker@346a361')
07-May-2023 23:25:01.079 INFO [main] org.apache.catalina.core.ApplicationContext.log SessionListener: contextDestroyed()
07-May-2023 23:25:01.079 INFO [main] org.apache.catalina.core.ApplicationContext.log ContextListener: contextDestroyed()
07-May-2023 23:36:20.531 INFO [main] org.apache.catalina.core.ApplicationContext.log ContextListener: contextInitialized()
07-May-2023 23:36:20.531 INFO [main] org.apache.catalina.core.ApplicationContext.log SessionListener: contextInitialized()
07-May-2023 23:36:20.533 INFO [main] org.apache.catalina.core.ApplicationContext.log ContextListener: attributeAdded('StockTicker', 'async.Stockticker@107ed6fc')
07-May-2023 23:37:57.763 INFO [main] org.apache.catalina.core.ApplicationContext.log SessionListener: contextDestroyed()
07-May-2023 23:37:57.763 INFO [main] org.apache.catalina.core.ApplicationContext.log ContextListener: contextDestroyed()
07-May-2023 23:39:30.286 INFO [main] org.apache.catalina.core.ApplicationContext.log ContextListener: contextInitialized()
07-May-2023 23:39:30.286 INFO [main] org.apache.catalina.core.ApplicationContext.log SessionListener: contextInitialized()
07-May-2023 23:39:30.287 INFO [main] org.apache.catalina.core.ApplicationContext.log ContextListener: attributeAdded('StockTicker', 'async.Stockticker@186978a6')
07-May-2023 23:52:15.692 INFO [main] org.apache.catalina.core.ApplicationContext.log ContextListener: contextInitialized()
07-May-2023 23:52:15.693 INFO [main] org.apache.catalina.core.ApplicationContext.log SessionListener: contextInitialized()
07-May-2023 23:52:15.694 INFO [main] org.apache.catalina.core.ApplicationContext.log ContextListener: attributeAdded('StockTicker', 'async.Stockticker@7fd4acee')
07-May-2023 23:54:57.322 INFO [main] org.apache.catalina.core.ApplicationContext.log SessionListener: contextDestroyed()
07-May-2023 23:54:57.322 INFO [main] org.apache.catalina.core.ApplicationContext.log ContextListener: contextDestroyed()
07-May-2023 23:55:27.392 INFO [main] org.apache.catalina.core.ApplicationContext.log ContextListener: contextInitialized()
07-May-2023 23:55:27.393 INFO [main] org.apache.catalina.core.ApplicationContext.log SessionListener: contextInitialized()
07-May-2023 23:55:27.394 INFO [main] org.apache.catalina.core.ApplicationContext.log ContextListener: attributeAdded('StockTicker', 'async.Stockticker@1536602f')
07-May-2023 23:56:49.448 INFO [main] org.apache.catalina.core.ApplicationContext.log SessionListener: contextDestroyed()
07-May-2023 23:56:49.448 INFO [main] org.apache.catalina.core.ApplicationContext.log ContextListener: contextDestroyed()
07-May-2023 23:57:20.220 INFO [main] org.apache.catalina.core.ApplicationContext.log ContextListener: contextInitialized()
07-May-2023 23:57:20.220 INFO [main] org.apache.catalina.core.ApplicationContext.log SessionListener: contextInitialized()
07-May-2023 23:57:20.220 INFO [main] org.apache.catalina.core.ApplicationContext.log ContextListener: attributeAdded('StockTicker', 'async.Stockticker@305f031')
