2023-12-02 17:03:31,035 [Worker-6: Loading available Gradle versions] INFO  o.e.b.c.i.u.g.PublishedGradleVersions - Gradle version information cache is up-to-date. Trying to read.
2023-12-02 17:04:59,290 [Worker-15: Enabling Maven Dependency Management] INFO  o.e.m.c.i.l.LifecycleMappingFactory - Using org.maven.ide.eclipse.wtp.WarLifecycleMapping lifecycle mapping for MavenProject: senhor-financas:senhor-financas:0.0.1-SNAPSHOT @ C:\Users\adria\Desktop\Liris\back-end\senhor-financas\pom.xml.
2023-12-02 17:05:00,382 [Worker-2: Building] WARN  o.e.m.c.i.embedder.EclipseLogger - Using platform encoding (Cp1252 actually) to copy filtered resources, i.e. build is platform dependent!
2023-12-02 17:05:00,387 [Worker-2: Building] INFO  o.e.m.c.i.embedder.EclipseLogger - skip non existing resourceDirectory C:\Users\adria\Desktop\Liris\back-end\senhor-financas\src\main\resources
2023-12-02 17:05:00,392 [Worker-2: Building] WARN  o.e.m.c.i.embedder.EclipseLogger - Using platform encoding (Cp1252 actually) to copy filtered resources, i.e. build is platform dependent!
2023-12-02 17:05:00,403 [Worker-2: Building] INFO  o.e.m.c.i.embedder.EclipseLogger - skip non existing resourceDirectory C:\Users\adria\Desktop\Liris\back-end\senhor-financas\src\test\resources
2023-12-02 17:05:01,042 [Worker-15: Enabling Maven Dependency Management] INFO  o.e.m.j.i.AbstractJavaProjectConfigurator - Adding source folder /senhor-financas/src/main/java
2023-12-02 17:05:01,043 [Worker-15: Enabling Maven Dependency Management] INFO  o.e.m.j.i.AbstractJavaProjectConfigurator - Adding source folder /senhor-financas/src/test/java
2023-12-02 17:05:01,333 [Worker-15: Enabling Maven Dependency Management] INFO  o.e.m.c.i.p.ProjectConfigurationManager - Update started
2023-12-02 17:05:02,069 [Worker-15: Enabling Maven Dependency Management] INFO  o.e.m.c.i.l.LifecycleMappingFactory - Using org.maven.ide.eclipse.wtp.WarLifecycleMapping lifecycle mapping for MavenProject: senhor-financas:senhor-financas:0.0.1-SNAPSHOT @ C:\Users\adria\Desktop\Liris\back-end\senhor-financas\pom.xml.
2023-12-02 17:05:02,656 [Worker-4: Building] WARN  o.e.m.c.i.embedder.EclipseLogger - Using platform encoding (Cp1252 actually) to copy filtered resources, i.e. build is platform dependent!
2023-12-02 17:05:02,660 [Worker-4: Building] INFO  o.e.m.c.i.embedder.EclipseLogger - skip non existing resourceDirectory C:\Users\adria\Desktop\Liris\back-end\senhor-financas\src\main\resources
2023-12-02 17:05:02,663 [Worker-4: Building] WARN  o.e.m.c.i.embedder.EclipseLogger - Using platform encoding (Cp1252 actually) to copy filtered resources, i.e. build is platform dependent!
2023-12-02 17:05:02,667 [Worker-4: Building] INFO  o.e.m.c.i.embedder.EclipseLogger - skip non existing resourceDirectory C:\Users\adria\Desktop\Liris\back-end\senhor-financas\src\test\resources
2023-12-02 17:05:02,667 [Worker-4: Building] INFO  o.e.m.w.i.f.ResourceFilteringBuildParticipant - Changed resources require a complete clean of filtered resources of senhor-financas
2023-12-02 17:05:02,668 [Worker-4: Building] INFO  o.e.m.w.i.f.ResourceFilteringBuildParticipant - Executing resource filtering for senhor-financas
2023-12-02 17:05:03,042 [Worker-15: Enabling Maven Dependency Management] INFO  o.e.m.j.i.AbstractJavaProjectConfigurator - Adding source folder /senhor-financas/src/main/java
2023-12-02 17:05:03,043 [Worker-15: Enabling Maven Dependency Management] INFO  o.e.m.j.i.AbstractJavaProjectConfigurator - Adding source folder /senhor-financas/src/test/java
2023-12-02 17:05:03,165 [Worker-15: Enabling Maven Dependency Management] INFO  o.e.m.w.i.f.ResourceFilteringBuildParticipant - Cleaning filtered folder for senhor-financas
2023-12-02 17:05:03,184 [Worker-15: Enabling Maven Dependency Management] INFO  o.e.m.c.i.p.ProjectConfigurationManager - Update completed for 1 poms: local refresh takes 0,00 sec, refresh facades takes 1,00 sec, update config takes 0,00 sec 
2023-12-02 17:05:04,070 [Worker-15: Building] WARN  o.e.m.c.i.embedder.EclipseLogger - Using platform encoding (Cp1252 actually) to copy filtered resources, i.e. build is platform dependent!
2023-12-02 17:05:04,075 [Worker-15: Building] INFO  o.e.m.c.i.embedder.EclipseLogger - skip non existing resourceDirectory C:\Users\adria\Desktop\Liris\back-end\senhor-financas\src\main\resources
2023-12-02 17:05:04,076 [Worker-15: Building] WARN  o.e.m.c.i.embedder.EclipseLogger - Using platform encoding (Cp1252 actually) to copy filtered resources, i.e. build is platform dependent!
2023-12-02 17:05:04,080 [Worker-15: Building] INFO  o.e.m.c.i.embedder.EclipseLogger - skip non existing resourceDirectory C:\Users\adria\Desktop\Liris\back-end\senhor-financas\src\test\resources
2023-12-02 17:05:04,081 [Worker-15: Building] INFO  o.e.m.w.i.f.ResourceFilteringBuildParticipant - Changed resources require a complete clean of filtered resources of senhor-financas
2023-12-02 17:05:04,081 [Worker-15: Building] INFO  o.e.m.w.i.f.ResourceFilteringBuildParticipant - Executing resource filtering for senhor-financas
2023-12-02 17:05:38,933 [Worker-4: Building] INFO  o.e.m.c.i.l.LifecycleMappingFactory - Using org.maven.ide.eclipse.wtp.WarLifecycleMapping lifecycle mapping for MavenProject: senhor-financas:senhor-financas:0.0.1-SNAPSHOT @ C:\Users\adria\Desktop\Liris\back-end\senhor-financas\pom.xml.
2023-12-02 17:05:39,785 [Worker-4: Building] WARN  o.e.m.c.i.embedder.EclipseLogger - Using platform encoding (Cp1252 actually) to copy filtered resources, i.e. build is platform dependent!
2023-12-02 17:05:39,812 [Worker-4: Building] INFO  o.e.m.c.i.embedder.EclipseLogger - skip non existing resourceDirectory C:\Users\adria\Desktop\Liris\back-end\senhor-financas\src\main\resources
2023-12-02 17:05:39,821 [Worker-4: Building] WARN  o.e.m.c.i.embedder.EclipseLogger - Using platform encoding (Cp1252 actually) to copy filtered resources, i.e. build is platform dependent!
2023-12-02 17:05:39,834 [Worker-4: Building] INFO  o.e.m.c.i.embedder.EclipseLogger - skip non existing resourceDirectory C:\Users\adria\Desktop\Liris\back-end\senhor-financas\src\test\resources
2023-12-02 17:05:39,835 [Worker-4: Building] INFO  o.e.m.w.i.f.ResourceFilteringBuildParticipant - Changed resources require a complete clean of filtered resources of senhor-financas
2023-12-02 17:05:39,835 [Worker-4: Building] INFO  o.e.m.w.i.f.ResourceFilteringBuildParticipant - Executing resource filtering for senhor-financas
2023-12-02 17:05:40,038 [Worker-0: Updating Maven Project] INFO  o.e.m.c.i.p.ProjectConfigurationManager - Update started
2023-12-02 17:05:40,998 [Worker-0: Updating Maven Project] INFO  o.e.m.c.i.l.LifecycleMappingFactory - Using org.maven.ide.eclipse.wtp.WarLifecycleMapping lifecycle mapping for MavenProject: senhor-financas:senhor-financas:0.0.1-SNAPSHOT @ C:\Users\adria\Desktop\Liris\back-end\senhor-financas\pom.xml.
2023-12-02 17:05:41,692 [Worker-0: Updating Maven Project] INFO  o.e.m.j.i.AbstractJavaProjectConfigurator - Adding source folder /senhor-financas/src/main/java
2023-12-02 17:05:41,692 [Worker-0: Updating Maven Project] INFO  o.e.m.j.i.AbstractJavaProjectConfigurator - Adding source folder /senhor-financas/src/test/java
2023-12-02 17:05:42,420 [Worker-0: Updating Maven Project] INFO  o.e.m.w.i.f.ResourceFilteringBuildParticipant - Cleaning filtered folder for senhor-financas
2023-12-02 17:05:42,444 [Worker-0: Updating Maven Project] INFO  o.e.m.c.i.p.ProjectConfigurationManager - Update completed for 1 poms: local refresh takes 0,00 sec, refresh facades takes 1,00 sec, update config takes 0,00 sec 
2023-12-02 17:05:42,481 [Worker-2: Building Project senhor-financas] WARN  o.e.m.c.i.embedder.EclipseLogger - Using platform encoding (Cp1252 actually) to copy filtered resources, i.e. build is platform dependent!
2023-12-02 17:05:42,488 [Worker-2: Building Project senhor-financas] INFO  o.e.m.c.i.embedder.EclipseLogger - skip non existing resourceDirectory C:\Users\adria\Desktop\Liris\back-end\senhor-financas\src\main\resources
2023-12-02 17:05:42,491 [Worker-2: Building Project senhor-financas] WARN  o.e.m.c.i.embedder.EclipseLogger - Using platform encoding (Cp1252 actually) to copy filtered resources, i.e. build is platform dependent!
2023-12-02 17:05:42,497 [Worker-2: Building Project senhor-financas] INFO  o.e.m.c.i.embedder.EclipseLogger - skip non existing resourceDirectory C:\Users\adria\Desktop\Liris\back-end\senhor-financas\src\test\resources
2023-12-02 17:05:42,497 [Worker-2: Building Project senhor-financas] INFO  o.e.m.w.i.f.ResourceFilteringBuildParticipant - Changed resources require a complete clean of filtered resources of senhor-financas
2023-12-02 17:05:42,497 [Worker-2: Building Project senhor-financas] INFO  o.e.m.w.i.f.ResourceFilteringBuildParticipant - Executing resource filtering for senhor-financas
2023-12-02 17:06:11,233 [Worker-9: Building] WARN  o.e.m.c.i.embedder.EclipseLogger - Using platform encoding (Cp1252 actually) to copy filtered resources, i.e. build is platform dependent!
2023-12-02 17:06:11,238 [Worker-9: Building] INFO  o.e.m.c.i.embedder.EclipseLogger - skip non existing resourceDirectory C:\Users\adria\Desktop\Liris\back-end\senhor-financas\src\main\resources
2023-12-02 17:06:11,239 [Worker-9: Building] WARN  o.e.m.c.i.embedder.EclipseLogger - Using platform encoding (Cp1252 actually) to copy filtered resources, i.e. build is platform dependent!
2023-12-02 17:06:11,243 [Worker-9: Building] INFO  o.e.m.c.i.embedder.EclipseLogger - skip non existing resourceDirectory C:\Users\adria\Desktop\Liris\back-end\senhor-financas\src\test\resources
2023-12-02 17:06:20,623 [Worker-9: Building] WARN  o.e.m.c.i.embedder.EclipseLogger - Using platform encoding (Cp1252 actually) to copy filtered resources, i.e. build is platform dependent!
2023-12-02 17:06:20,629 [Worker-9: Building] INFO  o.e.m.c.i.embedder.EclipseLogger - skip non existing resourceDirectory C:\Users\adria\Desktop\Liris\back-end\senhor-financas\src\main\resources
2023-12-02 17:06:20,631 [Worker-9: Building] WARN  o.e.m.c.i.embedder.EclipseLogger - Using platform encoding (Cp1252 actually) to copy filtered resources, i.e. build is platform dependent!
2023-12-02 17:06:20,635 [Worker-9: Building] INFO  o.e.m.c.i.embedder.EclipseLogger - skip non existing resourceDirectory C:\Users\adria\Desktop\Liris\back-end\senhor-financas\src\test\resources
2023-12-02 17:06:30,790 [Worker-3: Building] WARN  o.e.m.c.i.embedder.EclipseLogger - Using platform encoding (Cp1252 actually) to copy filtered resources, i.e. build is platform dependent!
2023-12-02 17:06:30,795 [Worker-3: Building] INFO  o.e.m.c.i.embedder.EclipseLogger - skip non existing resourceDirectory C:\Users\adria\Desktop\Liris\back-end\senhor-financas\src\main\resources
2023-12-02 17:06:30,797 [Worker-3: Building] WARN  o.e.m.c.i.embedder.EclipseLogger - Using platform encoding (Cp1252 actually) to copy filtered resources, i.e. build is platform dependent!
2023-12-02 17:06:30,801 [Worker-3: Building] INFO  o.e.m.c.i.embedder.EclipseLogger - skip non existing resourceDirectory C:\Users\adria\Desktop\Liris\back-end\senhor-financas\src\test\resources
2023-12-02 17:06:59,873 [Worker-1: Building] WARN  o.e.m.c.i.embedder.EclipseLogger - Using platform encoding (Cp1252 actually) to copy filtered resources, i.e. build is platform dependent!
2023-12-02 17:06:59,877 [Worker-1: Building] INFO  o.e.m.c.i.embedder.EclipseLogger - skip non existing resourceDirectory C:\Users\adria\Desktop\Liris\back-end\senhor-financas\src\main\resources
2023-12-02 17:06:59,879 [Worker-1: Building] WARN  o.e.m.c.i.embedder.EclipseLogger - Using platform encoding (Cp1252 actually) to copy filtered resources, i.e. build is platform dependent!
2023-12-02 17:06:59,883 [Worker-1: Building] INFO  o.e.m.c.i.embedder.EclipseLogger - skip non existing resourceDirectory C:\Users\adria\Desktop\Liris\back-end\senhor-financas\src\test\resources
2023-12-02 17:07:19,270 [Worker-5: Building] WARN  o.e.m.c.i.embedder.EclipseLogger - Using platform encoding (Cp1252 actually) to copy filtered resources, i.e. build is platform dependent!
2023-12-02 17:07:19,275 [Worker-5: Building] INFO  o.e.m.c.i.embedder.EclipseLogger - skip non existing resourceDirectory C:\Users\adria\Desktop\Liris\back-end\senhor-financas\src\main\resources
2023-12-02 17:07:19,276 [Worker-5: Building] WARN  o.e.m.c.i.embedder.EclipseLogger - Using platform encoding (Cp1252 actually) to copy filtered resources, i.e. build is platform dependent!
2023-12-02 17:07:19,280 [Worker-5: Building] INFO  o.e.m.c.i.embedder.EclipseLogger - skip non existing resourceDirectory C:\Users\adria\Desktop\Liris\back-end\senhor-financas\src\test\resources
2023-12-02 17:07:36,122 [Worker-11: Building] WARN  o.e.m.c.i.embedder.EclipseLogger - Using platform encoding (Cp1252 actually) to copy filtered resources, i.e. build is platform dependent!
2023-12-02 17:07:36,126 [Worker-11: Building] INFO  o.e.m.c.i.embedder.EclipseLogger - skip non existing resourceDirectory C:\Users\adria\Desktop\Liris\back-end\senhor-financas\src\main\resources
2023-12-02 17:07:36,127 [Worker-11: Building] WARN  o.e.m.c.i.embedder.EclipseLogger - Using platform encoding (Cp1252 actually) to copy filtered resources, i.e. build is platform dependent!
2023-12-02 17:07:36,131 [Worker-11: Building] INFO  o.e.m.c.i.embedder.EclipseLogger - skip non existing resourceDirectory C:\Users\adria\Desktop\Liris\back-end\senhor-financas\src\test\resources
2023-12-02 17:23:42,999 [Worker-16: Building] WARN  o.e.m.c.i.embedder.EclipseLogger - Using platform encoding (Cp1252 actually) to copy filtered resources, i.e. build is platform dependent!
2023-12-02 17:23:43,004 [Worker-16: Building] INFO  o.e.m.c.i.embedder.EclipseLogger - skip non existing resourceDirectory C:\Users\adria\Desktop\Liris\back-end\senhor-financas\src\main\resources
2023-12-02 17:23:43,006 [Worker-16: Building] WARN  o.e.m.c.i.embedder.EclipseLogger - Using platform encoding (Cp1252 actually) to copy filtered resources, i.e. build is platform dependent!
2023-12-02 17:23:43,011 [Worker-16: Building] INFO  o.e.m.c.i.embedder.EclipseLogger - skip non existing resourceDirectory C:\Users\adria\Desktop\Liris\back-end\senhor-financas\src\test\resources
